<?xml version="1.0" encoding="UTF-8"?>
<!-- Generated by org.testng.reporters.JUnitReportReporter -->
<testsuite hostname="DESKTOP-CVRSUS7" failures="0" tests="1" name="product.SauceLabs" time="20.245" errors="0" timestamp="2022-11-17T18:07:20 EST" skipped="0">
  <testcase classname="product.SauceLabs" name="PurchaseOrder" time="20.245"/>
  <system-out/>
</testsuite> <!-- product.SauceLabs -->
