<?xml version="1.0" encoding="UTF-8"?>
<!-- Generated by org.testng.reporters.JUnitReportReporter -->
<testsuite hostname="DESKTOP-CVRSUS7" failures="0" tests="3" name="product.SL_ErrorValidations" time="14.374" errors="0" timestamp="2022-11-16T10:02:36 EST" skipped="0">
  <testcase classname="product.SL_ErrorValidations" name="SL_Wrong_Credentials" time="7.498"/>
  <system-out/>
  <testcase classname="product.SL_ErrorValidations" name="SL_Username_MIssing" time="3.399"/>
  <system-out/>
  <testcase classname="product.SL_ErrorValidations" name="SL_Password_Missing" time="3.477"/>
  <system-out/>
</testsuite> <!-- product.SL_ErrorValidations -->
