<?xml version="1.0" encoding="UTF-8"?>
<!-- Generated by org.testng.reporters.JUnitReportReporter -->
<testsuite hostname="DESKTOP-CVRSUS7" failures="0" tests="1" name="product.SL_Credentials_Verification" time="20.282" errors="0" timestamp="2022-11-16T10:02:35 EST" skipped="0">
  <testcase classname="product.SL_Credentials_Verification" name="SL_Users" time="20.282"/>
  <system-out/>
</testsuite> <!-- product.SL_Credentials_Verification -->
