<?xml version="1.0" encoding="UTF-8"?>
<!-- Generated by org.testng.reporters.JUnitReportReporter -->
<testsuite hostname="DESKTOP-CVRSUS7" failures="0" tests="3" name="product.SL_ErrorValidations" time="18.747" errors="0" timestamp="2022-11-23T12:02:40 EST" skipped="0">
  <testcase classname="product.SL_ErrorValidations" name="SL_Username_MIssing" time="4.069"/>
  <system-out/>
  <testcase classname="product.SL_ErrorValidations" name="SL_Wrong_Credentials" time="4.044"/>
  <system-out/>
  <testcase classname="product.SL_ErrorValidations" name="SL_Password_Missing" time="10.634"/>
  <system-out/>
</testsuite> <!-- product.SL_ErrorValidations -->
