<?xml version="1.0" encoding="UTF-8"?>
<!-- Generated by org.testng.reporters.JUnitReportReporter -->
<testsuite hostname="DESKTOP-CVRSUS7" failures="0" tests="1" name="product.SauceLabs" time="16.147" errors="0" timestamp="2022-11-23T12:01:41 EST" skipped="0">
  <testcase classname="product.SauceLabs" name="PurchaseOrder" time="16.147"/>
  <system-out/>
</testsuite> <!-- product.SauceLabs -->
