<?xml version="1.0" encoding="UTF-8"?>
<!-- Generated by org.testng.reporters.JUnitReportReporter -->
<testsuite hostname="DESKTOP-CVRSUS7" failures="0" tests="1" name="product.SL_Credentials_Verification" time="29.825" errors="0" timestamp="2022-11-23T12:04:12 EST" skipped="0">
  <testcase classname="product.SL_Credentials_Verification" name="SL_Users" time="29.825"/>
  <system-out/>
</testsuite> <!-- product.SL_Credentials_Verification -->
